2024-08-20 20:25:54.546 [info] Added views:workbench.panel.markers.view in workbench.panel.markers
2024-08-20 20:25:54.546 [info] Added views:workbench.panel.output in workbench.panel.output
2024-08-20 20:25:54.546 [info] Added views:terminal in terminal
2024-08-20 20:25:54.546 [info] Added views:outline in workbench.view.explorer
2024-08-20 20:25:54.546 [info] Added views:workbench.scm in workbench.view.scm
2024-08-20 20:25:54.546 [info] Added views:workbench.view.search in workbench.view.search
2024-08-20 20:25:54.546 [info] Added views:timeline in workbench.view.explorer
2024-08-20 20:25:54.546 [info] Added views:workbench.explorer.emptyView in workbench.view.explorer
2024-08-20 20:25:58.943 [info] Added views:workbench.debug.variablesView,workbench.debug.watchExpressionsView,workbench.debug.callStackView,workbench.debug.breakPointsView in workbench.view.debug
2024-08-20 20:26:01.167 [info] Added views:workbench.panel.repl.view in workbench.panel.repl
2024-08-20 20:26:01.168 [info] Removed views:workbench.debug.breakPointsView,workbench.debug.callStackView,workbench.debug.watchExpressionsView,workbench.debug.variablesView from workbench.view.debug
2024-08-20 20:26:01.168 [info] Added views:workbench.debug.welcome in workbench.view.debug
2024-08-20 20:26:02.685 [info] Added views:~remote.forwardedPorts in ~remote.forwardedPortsContainer
2024-08-20 21:37:49.954 [info] Added views:workbench.panel.markers.view in workbench.panel.markers
2024-08-20 21:37:49.954 [info] Added views:workbench.panel.output in workbench.panel.output
2024-08-20 21:37:49.954 [info] Added views:terminal in terminal
2024-08-20 21:37:49.954 [info] Added views:outline in workbench.view.explorer
2024-08-20 21:37:49.954 [info] Added views:workbench.scm in workbench.view.scm
2024-08-20 21:37:49.954 [info] Added views:workbench.view.search in workbench.view.search
2024-08-20 21:37:49.954 [info] Added views:timeline in workbench.view.explorer
2024-08-20 21:37:49.954 [info] Added views:workbench.explorer.fileView in workbench.view.explorer
2024-08-20 21:37:54.387 [info] Added views:workbench.debug.variablesView,workbench.debug.watchExpressionsView,workbench.debug.callStackView,workbench.debug.breakPointsView in workbench.view.debug
2024-08-20 21:37:58.457 [info] Added views:workbench.panel.repl.view in workbench.panel.repl
2024-08-20 21:37:58.461 [info] Removed views:workbench.debug.breakPointsView,workbench.debug.callStackView,workbench.debug.watchExpressionsView,workbench.debug.variablesView from workbench.view.debug
2024-08-20 21:37:58.468 [info] Added views:workbench.debug.welcome in workbench.view.debug
2024-08-20 21:37:59.577 [info] Added views:~remote.forwardedPorts in ~remote.forwardedPortsContainer
